WARNING: fifo.sv:33: WARNING: [FIFO_UNDERFLOW] Module=fifo Time=0 Read when empty
         Time: 55000  Scope: tb_fifo.uut
ERROR: fifo.sv:52: ERROR: [POINTER_MISMATCH] Module=fifo Time=0 Pointer out of range
       Time: 105000  Scope: tb_fifo.uut
ERROR: fifo.sv:52: ERROR: [POINTER_MISMATCH] Module=fifo Time=0 Pointer out of range
       Time: 115000  Scope: tb_fifo.uut
WARNING: fifo.sv:33: WARNING: [FIFO_UNDERFLOW] Module=fifo Time=0 Read when empty
         Time: 125000  Scope: tb_fifo.uut
ERROR: fifo.sv:52: ERROR: [POINTER_MISMATCH] Module=fifo Time=0 Pointer out of range
       Time: 125000  Scope: tb_fifo.uut
WARNING: fifo.sv:33: WARNING: [FIFO_UNDERFLOW] Module=fifo Time=0 Read when empty
         Time: 135000  Scope: tb_fifo.uut
ERROR: fifo.sv:52: ERROR: [POINTER_MISMATCH] Module=fifo Time=0 Pointer out of range
       Time: 135000  Scope: tb_fifo.uut
ERROR: fifo.sv:52: ERROR: [POINTER_MISMATCH] Module=fifo Time=0 Pointer out of range
       Time: 145000  Scope: tb_fifo.uut
ERROR: fifo.sv:52: ERROR: [POINTER_MISMATCH] Module=fifo Time=0 Pointer out of range
       Time: 155000  Scope: tb_fifo.uut
ERROR: fifo.sv:52: ERROR: [POINTER_MISMATCH] Module=fifo Time=0 Pointer out of range
       Time: 165000  Scope: tb_fifo.uut
WARNING: fifo.sv:33: WARNING: [FIFO_UNDERFLOW] Module=fifo Time=0 Read when empty
         Time: 175000  Scope: tb_fifo.uut
ERROR: fifo.sv:52: ERROR: [POINTER_MISMATCH] Module=fifo Time=0 Pointer out of range
       Time: 175000  Scope: tb_fifo.uut
ERROR: fifo.sv:52: ERROR: [POINTER_MISMATCH] Module=fifo Time=0 Pointer out of range
       Time: 185000  Scope: tb_fifo.uut
WARNING: fifo.sv:33: WARNING: [FIFO_UNDERFLOW] Module=fifo Time=0 Read when empty
         Time: 195000  Scope: tb_fifo.uut
ERROR: fifo.sv:52: ERROR: [POINTER_MISMATCH] Module=fifo Time=0 Pointer out of range
       Time: 195000  Scope: tb_fifo.uut
ERROR: fifo.sv:52: ERROR: [POINTER_MISMATCH] Module=fifo Time=0 Pointer out of range
       Time: 205000  Scope: tb_fifo.uut
ERROR: fifo.sv:52: ERROR: [POINTER_MISMATCH] Module=fifo Time=0 Pointer out of range
       Time: 225000  Scope: tb_fifo.uut
WARNING: fifo.sv:33: WARNING: [FIFO_UNDERFLOW] Module=fifo Time=0 Read when empty
         Time: 235000  Scope: tb_fifo.uut
ERROR: fifo.sv:52: ERROR: [POINTER_MISMATCH] Module=fifo Time=0 Pointer out of range
       Time: 235000  Scope: tb_fifo.uut
WARNING: fifo.sv:33: WARNING: [FIFO_UNDERFLOW] Module=fifo Time=0 Read when empty
         Time: 245000  Scope: tb_fifo.uut
ERROR: fifo.sv:52: ERROR: [POINTER_MISMATCH] Module=fifo Time=0 Pointer out of range
       Time: 245000  Scope: tb_fifo.uut
WARNING: fifo.sv:33: WARNING: [FIFO_UNDERFLOW] Module=fifo Time=0 Read when empty
         Time: 255000  Scope: tb_fifo.uut
ERROR: fifo.sv:52: ERROR: [POINTER_MISMATCH] Module=fifo Time=0 Pointer out of range
       Time: 255000  Scope: tb_fifo.uut
ERROR: fifo.sv:52: ERROR: [POINTER_MISMATCH] Module=fifo Time=0 Pointer out of range
       Time: 265000  Scope: tb_fifo.uut
WARNING: fifo.sv:33: WARNING: [FIFO_UNDERFLOW] Module=fifo Time=0 Read when empty
         Time: 275000  Scope: tb_fifo.uut
ERROR: fifo.sv:52: ERROR: [POINTER_MISMATCH] Module=fifo Time=0 Pointer out of range
       Time: 275000  Scope: tb_fifo.uut
ERROR: fifo.sv:52: ERROR: [POINTER_MISMATCH] Module=fifo Time=0 Pointer out of range
       Time: 285000  Scope: tb_fifo.uut
ERROR: fifo.sv:52: ERROR: [POINTER_MISMATCH] Module=fifo Time=0 Pointer out of range
       Time: 295000  Scope: tb_fifo.uut
ERROR: fifo.sv:52: ERROR: [POINTER_MISMATCH] Module=fifo Time=0 Pointer out of range
       Time: 305000  Scope: tb_fifo.uut
ERROR: fifo.sv:52: ERROR: [POINTER_MISMATCH] Module=fifo Time=0 Pointer out of range
       Time: 315000  Scope: tb_fifo.uut
ERROR: fifo.sv:52: ERROR: [POINTER_MISMATCH] Module=fifo Time=0 Pointer out of range
       Time: 325000  Scope: tb_fifo.uut
ERROR: fifo.sv:52: ERROR: [POINTER_MISMATCH] Module=fifo Time=0 Pointer out of range
       Time: 335000  Scope: tb_fifo.uut
ERROR: fifo.sv:52: ERROR: [POINTER_MISMATCH] Module=fifo Time=0 Pointer out of range
       Time: 345000  Scope: tb_fifo.uut
ERROR: fifo.sv:52: ERROR: [POINTER_MISMATCH] Module=fifo Time=0 Pointer out of range
       Time: 355000  Scope: tb_fifo.uut
ERROR: fifo.sv:52: ERROR: [POINTER_MISMATCH] Module=fifo Time=0 Pointer out of range
       Time: 365000  Scope: tb_fifo.uut
ERROR: fifo.sv:52: ERROR: [POINTER_MISMATCH] Module=fifo Time=0 Pointer out of range
       Time: 375000  Scope: tb_fifo.uut
ERROR: fifo.sv:52: ERROR: [POINTER_MISMATCH] Module=fifo Time=0 Pointer out of range
       Time: 385000  Scope: tb_fifo.uut
WARNING: fifo.sv:33: WARNING: [FIFO_UNDERFLOW] Module=fifo Time=0 Read when empty
         Time: 455000  Scope: tb_fifo.uut
ERROR: fifo.sv:52: ERROR: [POINTER_MISMATCH] Module=fifo Time=0 Pointer out of range
       Time: 455000  Scope: tb_fifo.uut
ERROR: fifo.sv:52: ERROR: [POINTER_MISMATCH] Module=fifo Time=0 Pointer out of range
       Time: 465000  Scope: tb_fifo.uut
ERROR: fifo.sv:52: ERROR: [POINTER_MISMATCH] Module=fifo Time=0 Pointer out of range
       Time: 475000  Scope: tb_fifo.uut
ERROR: fifo.sv:52: ERROR: [POINTER_MISMATCH] Module=fifo Time=0 Pointer out of range
       Time: 485000  Scope: tb_fifo.uut
ERROR: fifo.sv:52: ERROR: [POINTER_MISMATCH] Module=fifo Time=0 Pointer out of range
       Time: 495000  Scope: tb_fifo.uut
WARNING: fifo.sv:33: WARNING: [FIFO_UNDERFLOW] Module=fifo Time=0 Read when empty
         Time: 505000  Scope: tb_fifo.uut
ERROR: fifo.sv:52: ERROR: [POINTER_MISMATCH] Module=fifo Time=0 Pointer out of range
       Time: 505000  Scope: tb_fifo.uut
ERROR: fifo.sv:52: ERROR: [POINTER_MISMATCH] Module=fifo Time=0 Pointer out of range
       Time: 515000  Scope: tb_fifo.uut
ERROR: fifo.sv:52: ERROR: [POINTER_MISMATCH] Module=fifo Time=0 Pointer out of range
       Time: 525000  Scope: tb_fifo.uut
ERROR: fifo.sv:52: ERROR: [POINTER_MISMATCH] Module=fifo Time=0 Pointer out of range
       Time: 535000  Scope: tb_fifo.uut
WARNING: fifo.sv:33: WARNING: [FIFO_UNDERFLOW] Module=fifo Time=0 Read when empty
         Time: 545000  Scope: tb_fifo.uut
ERROR: fifo.sv:52: ERROR: [POINTER_MISMATCH] Module=fifo Time=0 Pointer out of range
       Time: 545000  Scope: tb_fifo.uut
ERROR: fifo.sv:52: ERROR: [POINTER_MISMATCH] Module=fifo Time=0 Pointer out of range
       Time: 555000  Scope: tb_fifo.uut
ERROR: fifo.sv:52: ERROR: [POINTER_MISMATCH] Module=fifo Time=0 Pointer out of range
       Time: 635000  Scope: tb_fifo.uut
ERROR: fifo.sv:52: ERROR: [POINTER_MISMATCH] Module=fifo Time=0 Pointer out of range
       Time: 645000  Scope: tb_fifo.uut
ERROR: fifo.sv:52: ERROR: [POINTER_MISMATCH] Module=fifo Time=0 Pointer out of range
       Time: 655000  Scope: tb_fifo.uut
ERROR: fifo.sv:52: ERROR: [POINTER_MISMATCH] Module=fifo Time=0 Pointer out of range
       Time: 665000  Scope: tb_fifo.uut
ERROR: fifo.sv:52: ERROR: [POINTER_MISMATCH] Module=fifo Time=0 Pointer out of range
       Time: 675000  Scope: tb_fifo.uut
ERROR: fifo.sv:28: ERROR: [FIFO_OVERFLOW] Module=fifo Time=0 Write when full
       Time: 685000  Scope: tb_fifo.uut
ERROR: fifo.sv:52: ERROR: [POINTER_MISMATCH] Module=fifo Time=0 Pointer out of range
       Time: 685000  Scope: tb_fifo.uut
ERROR: fifo.sv:52: ERROR: [POINTER_MISMATCH] Module=fifo Time=0 Pointer out of range
       Time: 695000  Scope: tb_fifo.uut
ERROR: fifo.sv:52: ERROR: [POINTER_MISMATCH] Module=fifo Time=0 Pointer out of range
       Time: 705000  Scope: tb_fifo.uut
ERROR: fifo.sv:52: ERROR: [POINTER_MISMATCH] Module=fifo Time=0 Pointer out of range
       Time: 715000  Scope: tb_fifo.uut
ERROR: fifo.sv:52: ERROR: [POINTER_MISMATCH] Module=fifo Time=0 Pointer out of range
       Time: 775000  Scope: tb_fifo.uut
ERROR: fifo.sv:52: ERROR: [POINTER_MISMATCH] Module=fifo Time=0 Pointer out of range
       Time: 785000  Scope: tb_fifo.uut
ERROR: fifo.sv:52: ERROR: [POINTER_MISMATCH] Module=fifo Time=0 Pointer out of range
       Time: 795000  Scope: tb_fifo.uut
ERROR: fifo.sv:52: ERROR: [POINTER_MISMATCH] Module=fifo Time=0 Pointer out of range
       Time: 825000  Scope: tb_fifo.uut
ERROR: fifo.sv:52: ERROR: [POINTER_MISMATCH] Module=fifo Time=0 Pointer out of range
       Time: 835000  Scope: tb_fifo.uut
WARNING: fifo.sv:33: WARNING: [FIFO_UNDERFLOW] Module=fifo Time=0 Read when empty
         Time: 845000  Scope: tb_fifo.uut
ERROR: fifo.sv:52: ERROR: [POINTER_MISMATCH] Module=fifo Time=0 Pointer out of range
       Time: 845000  Scope: tb_fifo.uut
ERROR: fifo.sv:52: ERROR: [POINTER_MISMATCH] Module=fifo Time=0 Pointer out of range
       Time: 855000  Scope: tb_fifo.uut
ERROR: fifo.sv:52: ERROR: [POINTER_MISMATCH] Module=fifo Time=0 Pointer out of range
       Time: 865000  Scope: tb_fifo.uut
ERROR: fifo.sv:52: ERROR: [POINTER_MISMATCH] Module=fifo Time=0 Pointer out of range
       Time: 875000  Scope: tb_fifo.uut
WARNING: fifo.sv:33: WARNING: [FIFO_UNDERFLOW] Module=fifo Time=0 Read when empty
         Time: 885000  Scope: tb_fifo.uut
ERROR: fifo.sv:52: ERROR: [POINTER_MISMATCH] Module=fifo Time=0 Pointer out of range
       Time: 885000  Scope: tb_fifo.uut
ERROR: fifo.sv:52: ERROR: [POINTER_MISMATCH] Module=fifo Time=0 Pointer out of range
       Time: 895000  Scope: tb_fifo.uut
WARNING: fifo.sv:33: WARNING: [FIFO_UNDERFLOW] Module=fifo Time=0 Read when empty
         Time: 905000  Scope: tb_fifo.uut
ERROR: fifo.sv:52: ERROR: [POINTER_MISMATCH] Module=fifo Time=0 Pointer out of range
       Time: 905000  Scope: tb_fifo.uut
WARNING: fifo.sv:33: WARNING: [FIFO_UNDERFLOW] Module=fifo Time=0 Read when empty
         Time: 915000  Scope: tb_fifo.uut
ERROR: fifo.sv:52: ERROR: [POINTER_MISMATCH] Module=fifo Time=0 Pointer out of range
       Time: 915000  Scope: tb_fifo.uut
ERROR: fifo.sv:52: ERROR: [POINTER_MISMATCH] Module=fifo Time=0 Pointer out of range
       Time: 925000  Scope: tb_fifo.uut
ERROR: fifo.sv:52: ERROR: [POINTER_MISMATCH] Module=fifo Time=0 Pointer out of range
       Time: 935000  Scope: tb_fifo.uut
ERROR: fifo.sv:52: ERROR: [POINTER_MISMATCH] Module=fifo Time=0 Pointer out of range
       Time: 945000  Scope: tb_fifo.uut
ERROR: fifo.sv:52: ERROR: [POINTER_MISMATCH] Module=fifo Time=0 Pointer out of range
       Time: 955000  Scope: tb_fifo.uut
ERROR: fifo.sv:52: ERROR: [POINTER_MISMATCH] Module=fifo Time=0 Pointer out of range
       Time: 965000  Scope: tb_fifo.uut
ERROR: fifo.sv:52: ERROR: [POINTER_MISMATCH] Module=fifo Time=0 Pointer out of range
       Time: 975000  Scope: tb_fifo.uut
WARNING: fifo.sv:33: WARNING: [FIFO_UNDERFLOW] Module=fifo Time=0 Read when empty
         Time: 985000  Scope: tb_fifo.uut
WARNING: fifo.sv:33: WARNING: [FIFO_UNDERFLOW] Module=fifo Time=0 Read when empty
         Time: 1025000  Scope: tb_fifo.uut
WARNING: fifo.sv:33: WARNING: [FIFO_UNDERFLOW] Module=fifo Time=0 Read when empty
         Time: 1035000  Scope: tb_fifo.uut
WARNING: fifo.sv:33: WARNING: [FIFO_UNDERFLOW] Module=fifo Time=0 Read when empty
         Time: 1045000  Scope: tb_fifo.uut
WARNING: fifo.sv:33: WARNING: [FIFO_UNDERFLOW] Module=fifo Time=0 Read when empty
         Time: 1055000  Scope: tb_fifo.uut
WARNING: fifo.sv:33: WARNING: [FIFO_UNDERFLOW] Module=fifo Time=0 Read when empty
         Time: 1065000  Scope: tb_fifo.uut
WARNING: fifo.sv:33: WARNING: [FIFO_UNDERFLOW] Module=fifo Time=0 Read when empty
         Time: 1075000  Scope: tb_fifo.uut
WARNING: fifo.sv:33: WARNING: [FIFO_UNDERFLOW] Module=fifo Time=0 Read when empty
         Time: 1085000  Scope: tb_fifo.uut
WARNING: fifo.sv:33: WARNING: [FIFO_UNDERFLOW] Module=fifo Time=0 Read when empty
         Time: 1095000  Scope: tb_fifo.uut
WARNING: fifo.sv:33: WARNING: [FIFO_UNDERFLOW] Module=fifo Time=0 Read when empty
         Time: 1105000  Scope: tb_fifo.uut
tb_fifo.sv:39: $finish called at 1115000 (1ps)
WARNING: fifo.sv:33: WARNING: [FIFO_UNDERFLOW] Module=fifo Time=0 Read when empty
         Time: 1115000  Scope: tb_fifo.uut
